<?xml version="1.0" encoding="UTF-8"?>
<robot generator="Robot 6.0.2 (Python 3.11.2 on win32)" generated="20230403 14:53:06.636" rpa="false" schemaversion="3">
<suite id="s1" name="Test Case Bookdepository" source="D:\Documents\QA\Robot\Dzikri N Asa QE Recruitment - Bookdepository\test_case_bookdepository.robot">
<test id="s1-t1" name="User should be able to Login" line="7">
<kw name="Login" library="steps">
<kw name="Open Browser" library="SeleniumLibrary">
<arg>${base_url}</arg>
<arg>chrome</arg>
<doc>Opens a new browser instance to the optional ``url``.</doc>
<msg timestamp="20230403 14:53:06.828" level="INFO">Opening browser 'chrome' to base url 'https://www.bookdepository.com/'.</msg>
<status status="PASS" starttime="20230403 14:53:06.828" endtime="20230403 14:53:13.267"/>
</kw>
<kw name="Maximize Browser Window" library="SeleniumLibrary">
<doc>Maximizes current browser window.</doc>
<status status="PASS" starttime="20230403 14:53:13.267" endtime="20230403 14:53:13.406"/>
</kw>
<kw name="Set Browser Implicit Wait" library="SeleniumLibrary">
<arg>10</arg>
<doc>Sets the implicit wait value used by Selenium.</doc>
<status status="PASS" starttime="20230403 14:53:13.406" endtime="20230403 14:53:13.407"/>
</kw>
<kw name="Sleep" library="BuiltIn">
<arg>3</arg>
<doc>Pauses the test executed for the given time.</doc>
<msg timestamp="20230403 14:53:16.409" level="INFO">Slept 3 seconds</msg>
<status status="PASS" starttime="20230403 14:53:13.407" endtime="20230403 14:53:16.409"/>
</kw>
<kw name="Click Link" library="SeleniumLibrary">
<arg>${signin_btn}</arg>
<doc>Clicks a link identified by ``locator``.</doc>
<msg timestamp="20230403 14:53:16.409" level="INFO">Clicking link 'xpath:/html/body/div[3]/div[1]/div/ul[2]/li[3]/a'.</msg>
<status status="PASS" starttime="20230403 14:53:16.409" endtime="20230403 14:53:19.109"/>
</kw>
<kw name="Sleep" library="BuiltIn">
<arg>3</arg>
<doc>Pauses the test executed for the given time.</doc>
<msg timestamp="20230403 14:53:22.109" level="INFO">Slept 3 seconds</msg>
<status status="PASS" starttime="20230403 14:53:19.109" endtime="20230403 14:53:22.109"/>
</kw>
<kw name="Select Frame" library="SeleniumLibrary">
<arg>class:signin-iframe</arg>
<doc>Sets frame identified by ``locator`` as the current frame.</doc>
<msg timestamp="20230403 14:53:22.109" level="INFO">Selecting frame 'class:signin-iframe'.</msg>
<status status="PASS" starttime="20230403 14:53:22.109" endtime="20230403 14:53:22.127"/>
</kw>
<kw name="Wait Until Page Contains Element" library="SeleniumLibrary">
<arg>${email_input}</arg>
<doc>Waits until the element ``locator`` appears on the current page.</doc>
<status status="PASS" starttime="20230403 14:53:22.127" endtime="20230403 14:53:22.127"/>
</kw>
<kw name="Input Text" library="SeleniumLibrary">
<arg>${email_input}</arg>
<arg>${email}</arg>
<doc>Types the given ``text`` into the text field identified by ``locator``.</doc>
<msg timestamp="20230403 14:53:22.127" level="INFO">Typing text 'fernandiasa28@gmail.com' into text field 'xpath://*[@id="ap_email"]'.</msg>
<status status="PASS" starttime="20230403 14:53:22.127" endtime="20230403 14:53:22.241"/>
</kw>
<kw name="Input Text" library="SeleniumLibrary">
<arg>${password_input}</arg>
<arg>${password}</arg>
<doc>Types the given ``text`` into the text field identified by ``locator``.</doc>
<msg timestamp="20230403 14:53:22.242" level="INFO">Typing text 'Farmacare123' into text field 'id:ap_password'.</msg>
<status status="PASS" starttime="20230403 14:53:22.241" endtime="20230403 14:53:22.330"/>
</kw>
<kw name="Click Button" library="SeleniumLibrary">
<arg>${login_btn}</arg>
<doc>Clicks the button identified by ``locator``.</doc>
<msg timestamp="20230403 14:53:22.330" level="INFO">Clicking button 'id:signInSubmit'.</msg>
<status status="PASS" starttime="20230403 14:53:22.330" endtime="20230403 14:53:22.413"/>
</kw>
<kw name="Wait Until Page Contains Element" library="SeleniumLibrary">
<arg>${nav_bar}</arg>
<doc>Waits until the element ``locator`` appears on the current page.</doc>
<status status="PASS" starttime="20230403 14:53:22.413" endtime="20230403 14:53:24.889"/>
</kw>
<kw name="Element Should Contain" library="SeleniumLibrary">
<arg>${nav_bar}</arg>
<arg>My Account</arg>
<doc>Verifies that element ``locator`` contains text ``expected``.</doc>
<msg timestamp="20230403 14:53:24.930" level="INFO">Element 'class:right-nav' contains text 'My Account'.</msg>
<status status="PASS" starttime="20230403 14:53:24.889" endtime="20230403 14:53:24.930"/>
</kw>
<kw name="Location Should Contain" library="SeleniumLibrary">
<arg>status=welcome</arg>
<doc>Verifies that the current URL contains ``expected``.</doc>
<msg timestamp="20230403 14:53:24.934" level="INFO">Current location contains 'status=welcome'.</msg>
<status status="PASS" starttime="20230403 14:53:24.930" endtime="20230403 14:53:24.934"/>
</kw>
<status status="PASS" starttime="20230403 14:53:06.828" endtime="20230403 14:53:24.934"/>
</kw>
<status status="PASS" starttime="20230403 14:53:06.824" endtime="20230403 14:53:24.934"/>
</test>
<test id="s1-t2" name="On a search, User should be able to Sort By Price, low to high" line="10">
<kw name="Search &amp; Sort" library="steps">
<kw name="Sleep" library="BuiltIn">
<arg>3</arg>
<doc>Pauses the test executed for the given time.</doc>
<msg timestamp="20230403 14:53:27.937" level="INFO">Slept 3 seconds</msg>
<status status="PASS" starttime="20230403 14:53:24.936" endtime="20230403 14:53:27.937"/>
</kw>
<kw name="Input Text" library="SeleniumLibrary">
<arg>${search_input}</arg>
<arg>fiction</arg>
<doc>Types the given ``text`` into the text field identified by ``locator``.</doc>
<msg timestamp="20230403 14:53:27.937" level="INFO">Typing text 'fiction' into text field 'xpath://*[@id="book-search-form"]/div[1]/input[1]'.</msg>
<status status="PASS" starttime="20230403 14:53:27.937" endtime="20230403 14:53:28.012"/>
</kw>
<kw name="Sleep" library="BuiltIn">
<arg>10</arg>
<doc>Pauses the test executed for the given time.</doc>
<msg timestamp="20230403 14:53:38.013" level="INFO">Slept 10 seconds</msg>
<status status="PASS" starttime="20230403 14:53:28.012" endtime="20230403 14:53:38.013"/>
</kw>
<kw name="Click Element" library="SeleniumLibrary">
<arg>${search_option}</arg>
<doc>Click the element identified by ``locator``.</doc>
<msg timestamp="20230403 14:53:38.013" level="INFO">Clicking element 'xpath://*[@id="book-search-form"]/div[2]/div[1]/a[1]'.</msg>
<status status="PASS" starttime="20230403 14:53:38.013" endtime="20230403 14:53:41.034"/>
</kw>
<kw name="Wait Until Page Contains Element" library="SeleniumLibrary">
<arg>${search_title}</arg>
<doc>Waits until the element ``locator`` appears on the current page.</doc>
<status status="PASS" starttime="20230403 14:53:41.034" endtime="20230403 14:53:41.053"/>
</kw>
<kw name="Element Should Contain" library="SeleniumLibrary">
<arg>${search_title}</arg>
<arg>fiction</arg>
<doc>Verifies that element ``locator`` contains text ``expected``.</doc>
<msg timestamp="20230403 14:53:41.067" level="INFO">Element 'xpath:/html/body/div[3]/div[6]/div[5]/h1' contains text 'fiction'.</msg>
<status status="PASS" starttime="20230403 14:53:41.053" endtime="20230403 14:53:41.067"/>
</kw>
<kw name="Location Should Contain" library="SeleniumLibrary">
<arg>searchTerm=fiction</arg>
<doc>Verifies that the current URL contains ``expected``.</doc>
<msg timestamp="20230403 14:53:41.069" level="INFO">Current location contains 'searchTerm=fiction'.</msg>
<status status="PASS" starttime="20230403 14:53:41.067" endtime="20230403 14:53:41.069"/>
</kw>
<kw name="Select From List By Value" library="SeleniumLibrary">
<arg>${sortby_dropdown}</arg>
<arg>price_low_high</arg>
<doc>Selects options from selection list ``locator`` by ``values``.</doc>
<msg timestamp="20230403 14:53:41.070" level="INFO">Selecting options from selection list 'class:search-filter-dropdown-option' by value price_low_high.</msg>
<status status="PASS" starttime="20230403 14:53:41.069" endtime="20230403 14:53:44.768"/>
</kw>
<kw name="Sleep" library="BuiltIn">
<arg>3</arg>
<doc>Pauses the test executed for the given time.</doc>
<msg timestamp="20230403 14:53:47.768" level="INFO">Slept 3 seconds</msg>
<status status="PASS" starttime="20230403 14:53:44.768" endtime="20230403 14:53:47.768"/>
</kw>
<kw name="Location Should Contain" library="SeleniumLibrary">
<arg>searchSortBy=price_low_high</arg>
<doc>Verifies that the current URL contains ``expected``.</doc>
<msg timestamp="20230403 14:53:47.771" level="INFO">Current location contains 'searchSortBy=price_low_high'.</msg>
<status status="PASS" starttime="20230403 14:53:47.768" endtime="20230403 14:53:47.772"/>
</kw>
<kw name="Element Attribute Value Should Be" library="SeleniumLibrary">
<arg>${price_lowhigh}</arg>
<arg>selected</arg>
<arg>true</arg>
<doc>Verifies element identified by ``locator`` contains expected attribute value.</doc>
<msg timestamp="20230403 14:53:47.788" level="INFO">Element 'xpath:/html/body/div[3]/div[6]/div[5]/div[3]/div[2]/form/select/option[2]' attribute 'selected' contains value 'true'.</msg>
<status status="PASS" starttime="20230403 14:53:47.772" endtime="20230403 14:53:47.788"/>
</kw>
<status status="PASS" starttime="20230403 14:53:24.936" endtime="20230403 14:53:47.788"/>
</kw>
<status status="PASS" starttime="20230403 14:53:24.935" endtime="20230403 14:53:47.788"/>
</test>
<test id="s1-t3" name="User should be able to add &amp; remove book on basket" line="13">
<kw name="add &amp; remove basket" library="steps">
<kw name="Click Image" library="SeleniumLibrary">
<arg>${item}</arg>
<doc>Clicks an image identified by ``locator``.</doc>
<msg timestamp="20230403 14:53:47.790" level="INFO">Clicking image 'xpath:/html/body/div[3]/div[6]/div[5]/div[4]/div/div/div/div/div[1]/div[1]/a[1]/img'.</msg>
<status status="PASS" starttime="20230403 14:53:47.790" endtime="20230403 14:54:05.734"/>
</kw>
<kw name="Click Link" library="SeleniumLibrary">
<arg>${add_basket}</arg>
<doc>Clicks a link identified by ``locator``.</doc>
<msg timestamp="20230403 14:54:05.734" level="INFO">Clicking link 'xpath:/html/body/div[3]/div[6]/div[7]/div/div[1]/div[1]/div[3]/div/div[3]/a[1]'.</msg>
<status status="PASS" starttime="20230403 14:54:05.734" endtime="20230403 14:54:05.809"/>
</kw>
<kw name="Sleep" library="BuiltIn">
<arg>3</arg>
<doc>Pauses the test executed for the given time.</doc>
<msg timestamp="20230403 14:54:08.809" level="INFO">Slept 3 seconds</msg>
<status status="PASS" starttime="20230403 14:54:05.809" endtime="20230403 14:54:08.809"/>
</kw>
<kw name="Click Link" library="SeleniumLibrary">
<arg>${goto_basket}</arg>
<doc>Clicks a link identified by ``locator``.</doc>
<msg timestamp="20230403 14:54:08.809" level="INFO">Clicking link 'class:continue-to-basket'.</msg>
<status status="PASS" starttime="20230403 14:54:08.809" endtime="20230403 14:54:21.408"/>
</kw>
<kw name="Location Should Contain" library="SeleniumLibrary">
<arg>/basket</arg>
<doc>Verifies that the current URL contains ``expected``.</doc>
<msg timestamp="20230403 14:54:21.425" level="INFO">Current location contains '/basket'.</msg>
<status status="PASS" starttime="20230403 14:54:21.408" endtime="20230403 14:54:21.425"/>
</kw>
<kw name="Element Should Be Visible" library="SeleniumLibrary">
<arg>${basket_item}</arg>
<doc>Verifies that the element identified by ``locator`` is visible.</doc>
<msg timestamp="20230403 14:54:21.443" level="INFO">Element 'class:basket-item' is displayed.</msg>
<status status="PASS" starttime="20230403 14:54:21.425" endtime="20230403 14:54:21.443"/>
</kw>
<kw name="Click Button" library="SeleniumLibrary">
<arg>${remove_item}</arg>
<doc>Clicks the button identified by ``locator``.</doc>
<msg timestamp="20230403 14:54:21.444" level="INFO">Clicking button 'class:remove-btn'.</msg>
<status status="PASS" starttime="20230403 14:54:21.443" endtime="20230403 14:54:24.997"/>
</kw>
<kw name="Sleep" library="BuiltIn">
<arg>3</arg>
<doc>Pauses the test executed for the given time.</doc>
<msg timestamp="20230403 14:54:27.998" level="INFO">Slept 3 seconds</msg>
<status status="PASS" starttime="20230403 14:54:24.997" endtime="20230403 14:54:27.998"/>
</kw>
<kw name="Element Should Be Visible" library="SeleniumLibrary">
<arg>${empty}</arg>
<doc>Verifies that the element identified by ``locator`` is visible.</doc>
<msg timestamp="20230403 14:54:28.014" level="INFO">Element 'xpath:/html/body/div[3]/div[6]/div/div[2]/div[1]' is displayed.</msg>
<status status="PASS" starttime="20230403 14:54:27.998" endtime="20230403 14:54:28.014"/>
</kw>
<status status="PASS" starttime="20230403 14:53:47.789" endtime="20230403 14:54:28.014"/>
</kw>
<status status="PASS" starttime="20230403 14:53:47.789" endtime="20230403 14:54:28.014"/>
</test>
<test id="s1-t4" name="User should be able to add book to wishlist" line="16">
<kw name="Add wishlist" library="steps">
<kw name="Sleep" library="BuiltIn">
<arg>3</arg>
<doc>Pauses the test executed for the given time.</doc>
<msg timestamp="20230403 14:54:31.015" level="INFO">Slept 3 seconds</msg>
<status status="PASS" starttime="20230403 14:54:28.015" endtime="20230403 14:54:31.015"/>
</kw>
<kw name="Execute Javascript" library="SeleniumLibrary">
<arg>history.back()</arg>
<doc>Executes the given JavaScript code with possible arguments.</doc>
<msg timestamp="20230403 14:54:31.015" level="INFO">Executing JavaScript:
history.back()
Without any arguments.</msg>
<status status="PASS" starttime="20230403 14:54:31.015" endtime="20230403 14:54:31.024"/>
</kw>
<kw name="Sleep" library="BuiltIn">
<arg>3</arg>
<doc>Pauses the test executed for the given time.</doc>
<msg timestamp="20230403 14:54:34.024" level="INFO">Slept 3 seconds</msg>
<status status="PASS" starttime="20230403 14:54:31.024" endtime="20230403 14:54:34.024"/>
</kw>
<kw name="Execute Javascript" library="SeleniumLibrary">
<arg>history.back()</arg>
<doc>Executes the given JavaScript code with possible arguments.</doc>
<msg timestamp="20230403 14:54:34.025" level="INFO">Executing JavaScript:
history.back()
Without any arguments.</msg>
<status status="PASS" starttime="20230403 14:54:34.024" endtime="20230403 14:54:34.037"/>
</kw>
<kw name="Click Link" library="SeleniumLibrary">
<arg>${add_wishlist}</arg>
<doc>Clicks a link identified by ``locator``.</doc>
<msg timestamp="20230403 14:54:34.037" level="INFO">Clicking link 'class:add-to-wishlist'.</msg>
<status status="PASS" starttime="20230403 14:54:34.037" endtime="20230403 14:54:35.743"/>
</kw>
<kw name="Input Text" library="SeleniumLibrary">
<arg>${wishlist_input}</arg>
<arg>Favorite</arg>
<doc>Types the given ``text`` into the text field identified by ``locator``.</doc>
<msg timestamp="20230403 14:54:35.744" level="INFO">Typing text 'Favorite' into text field 'xpath:/html/body/div[13]/div/div/div[2]/div/div/div[1]/form/div[1]/input'.</msg>
<status status="PASS" starttime="20230403 14:54:35.743" endtime="20230403 14:54:36.592"/>
</kw>
<kw name="Click Button" library="SeleniumLibrary">
<arg>${wishlist_btn}</arg>
<doc>Clicks the button identified by ``locator``.</doc>
<msg timestamp="20230403 14:54:36.593" level="INFO">Clicking button 'xpath:/html/body/div[13]/div/div/div[2]/div/div/div[1]/form/div[2]/button'.</msg>
<status status="PASS" starttime="20230403 14:54:36.592" endtime="20230403 14:54:36.643"/>
</kw>
<kw name="Sleep" library="BuiltIn">
<arg>3</arg>
<doc>Pauses the test executed for the given time.</doc>
<msg timestamp="20230403 14:54:39.644" level="INFO">Slept 3 seconds</msg>
<status status="PASS" starttime="20230403 14:54:36.643" endtime="20230403 14:54:39.644"/>
</kw>
<kw name="Click Link" library="SeleniumLibrary">
<arg>${goto_wishlist}</arg>
<doc>Clicks a link identified by ``locator``.</doc>
<msg timestamp="20230403 14:54:39.644" level="INFO">Clicking link 'xpath:/html/body/div[13]/div/div/div[2]/div/a'.</msg>
<status status="PASS" starttime="20230403 14:54:39.644" endtime="20230403 14:54:41.449"/>
</kw>
<kw name="Location Should Contain" library="SeleniumLibrary">
<arg>/account/wishlist</arg>
<doc>Verifies that the current URL contains ``expected``.</doc>
<msg timestamp="20230403 14:54:41.460" level="INFO">Current location contains '/account/wishlist'.</msg>
<status status="PASS" starttime="20230403 14:54:41.449" endtime="20230403 14:54:41.461"/>
</kw>
<kw name="Element Should Be Visible" library="SeleniumLibrary">
<arg>${wishlist_item}</arg>
<doc>Verifies that the element identified by ``locator`` is visible.</doc>
<msg timestamp="20230403 14:54:41.475" level="INFO">Element 'class:wishlist-items' is displayed.</msg>
<status status="PASS" starttime="20230403 14:54:41.461" endtime="20230403 14:54:41.475"/>
</kw>
<kw name="Close Browser" library="SeleniumLibrary">
<doc>Closes the current browser.</doc>
<status status="PASS" starttime="20230403 14:54:41.475" endtime="20230403 14:54:43.601"/>
</kw>
<status status="PASS" starttime="20230403 14:54:28.015" endtime="20230403 14:54:43.601"/>
</kw>
<status status="PASS" starttime="20230403 14:54:28.015" endtime="20230403 14:54:43.601"/>
</test>
<status status="PASS" starttime="20230403 14:53:06.636" endtime="20230403 14:54:43.603"/>
</suite>
<statistics>
<total>
<stat pass="4" fail="0" skip="0">All Tests</stat>
</total>
<tag>
</tag>
<suite>
<stat pass="4" fail="0" skip="0" id="s1" name="Test Case Bookdepository">Test Case Bookdepository</stat>
</suite>
</statistics>
<errors>
</errors>
</robot>
